2021-11-15 20:24:05 - INFO  - o.s.c.s.PostProcessorRegistrationDelegate$BeanPostProcessorChecker - Bean 'org.springframework.transaction.annotation.ProxyTransactionManagementConfiguration' of type [org.springframework.transaction.annotation.ProxyTransactionManagementConfiguration$$EnhancerBySpringCGLIB$$86318451] is not eligible for getting processed by all BeanPostProcessors (for example: not eligible for auto-proxying)
2021-11-15 20:24:06 - INFO  - o.s.b.w.e.tomcat.TomcatWebServer - Tomcat initialized with port(s): 8081 (http)
2021-11-15 20:24:06 - INFO  - o.a.catalina.core.StandardService - Starting service [Tomcat]
2021-11-15 20:24:06 - INFO  - o.a.catalina.core.StandardEngine - Starting Servlet engine: [Apache Tomcat/9.0.17]
2021-11-15 20:24:06 - INFO  - o.a.c.c.C.[.[localhost].[/SpringMVC] - Initializing Spring embedded WebApplicationContext
2021-11-15 20:24:06 - INFO  - o.s.web.context.ContextLoader - Root WebApplicationContext: initialization completed in 1263 ms
2021-11-15 20:24:06 - INFO  - com.zaxxer.hikari.HikariDataSource - HikariPool-1 - Starting...
2021-11-15 20:24:06 - INFO  - com.zaxxer.hikari.HikariDataSource - HikariPool-1 - Start completed.
2021-11-15 20:24:06 - INFO  - o.h.jpa.internal.util.LogHelper - HHH000204: Processing PersistenceUnitInfo [
	name: default
	...]
2021-11-15 20:24:06 - INFO  - org.hibernate.Version - HHH000412: Hibernate Core {5.3.9.Final}
2021-11-15 20:24:06 - INFO  - org.hibernate.cfg.Environment - HHH000206: hibernate.properties not found
2021-11-15 20:24:06 - INFO  - o.h.annotations.common.Version - HCANN000001: Hibernate Commons Annotations {5.0.4.Final}
2021-11-15 20:24:06 - INFO  - org.hibernate.dialect.Dialect - HHH000400: Using dialect: org.hibernate.dialect.MySQL5Dialect
2021-11-15 20:24:07 - INFO  - o.s.o.j.LocalContainerEntityManagerFactoryBean - Initialized JPA EntityManagerFactory for persistence unit 'default'
2021-11-15 20:24:07 - INFO  - o.h.h.i.QueryTranslatorFactoryInitiator - HHH000397: Using ASTQueryTranslatorFactory
2021-11-15 20:24:08 - INFO  - o.s.s.c.ThreadPoolTaskExecutor - Initializing ExecutorService 'applicationTaskExecutor'
2021-11-15 20:24:08 - WARN  - o.s.b.a.o.j.JpaBaseConfiguration$JpaWebConfiguration$JpaWebMvcConfiguration - spring.jpa.open-in-view is enabled by default. Therefore, database queries may be performed during view rendering. Explicitly configure spring.jpa.open-in-view to disable this warning
2021-11-15 20:24:08 - INFO  - o.s.b.w.e.tomcat.TomcatWebServer - Tomcat started on port(s): 8081 (http) with context path '/SpringMVC'
2021-11-15 20:24:08 - INFO  - t.e.s.TimesheetSpringBootCoreDataJpaMvcRest1Application - Started TimesheetSpringBootCoreDataJpaMvcRest1Application in 3.959 seconds (JVM running for 5.813)
2021-11-15 20:51:04 - INFO  - t.e.s.TimesheetSpringBootCoreDataJpaMvcRest1Application - Starting TimesheetSpringBootCoreDataJpaMvcRest1Application on DESKTOP-AJTRO6P with PID 11048 (C:\Users\WIKI\Desktop\Devops\target\classes started by WIKI in C:\Users\WIKI\Desktop\Devops)
2021-11-15 20:51:04 - INFO  - t.e.s.TimesheetSpringBootCoreDataJpaMvcRest1Application - No active profile set, falling back to default profiles: default
2021-11-15 20:51:04 - INFO  - o.s.d.r.c.RepositoryConfigurationDelegate - Bootstrapping Spring Data repositories in DEFAULT mode.
2021-11-15 20:51:04 - INFO  - o.s.d.r.c.RepositoryConfigurationDelegate - Finished Spring Data repository scanning in 51ms. Found 6 repository interfaces.
2021-11-15 20:51:04 - INFO  - o.s.c.s.PostProcessorRegistrationDelegate$BeanPostProcessorChecker - Bean 'org.springframework.transaction.annotation.ProxyTransactionManagementConfiguration' of type [org.springframework.transaction.annotation.ProxyTransactionManagementConfiguration$$EnhancerBySpringCGLIB$$dac6e1e] is not eligible for getting processed by all BeanPostProcessors (for example: not eligible for auto-proxying)
2021-11-15 20:51:04 - INFO  - o.s.b.w.e.tomcat.TomcatWebServer - Tomcat initialized with port(s): 8081 (http)
2021-11-15 20:51:05 - INFO  - o.a.catalina.core.StandardService - Starting service [Tomcat]
2021-11-15 20:51:05 - INFO  - o.a.catalina.core.StandardEngine - Starting Servlet engine: [Apache Tomcat/9.0.17]
2021-11-15 20:51:05 - INFO  - o.a.c.c.C.[.[localhost].[/SpringMVC] - Initializing Spring embedded WebApplicationContext
2021-11-15 20:51:05 - INFO  - o.s.web.context.ContextLoader - Root WebApplicationContext: initialization completed in 928 ms
2021-11-15 20:51:05 - INFO  - com.zaxxer.hikari.HikariDataSource - HikariPool-1 - Starting...
2021-11-15 20:51:05 - INFO  - com.zaxxer.hikari.HikariDataSource - HikariPool-1 - Start completed.
2021-11-15 20:51:05 - INFO  - o.h.jpa.internal.util.LogHelper - HHH000204: Processing PersistenceUnitInfo [
	name: default
	...]
2021-11-15 20:51:05 - INFO  - org.hibernate.Version - HHH000412: Hibernate Core {5.3.9.Final}
2021-11-15 20:51:05 - INFO  - org.hibernate.cfg.Environment - HHH000206: hibernate.properties not found
2021-11-15 20:51:05 - INFO  - o.h.annotations.common.Version - HCANN000001: Hibernate Commons Annotations {5.0.4.Final}
2021-11-15 20:51:05 - INFO  - org.hibernate.dialect.Dialect - HHH000400: Using dialect: org.hibernate.dialect.MySQL5Dialect
2021-11-15 20:51:06 - INFO  - o.s.o.j.LocalContainerEntityManagerFactoryBean - Initialized JPA EntityManagerFactory for persistence unit 'default'
2021-11-15 20:51:06 - INFO  - o.h.h.i.QueryTranslatorFactoryInitiator - HHH000397: Using ASTQueryTranslatorFactory
2021-11-15 20:51:06 - INFO  - o.s.s.c.ThreadPoolTaskExecutor - Initializing ExecutorService 'applicationTaskExecutor'
2021-11-15 20:51:06 - WARN  - o.s.b.a.o.j.JpaBaseConfiguration$JpaWebConfiguration$JpaWebMvcConfiguration - spring.jpa.open-in-view is enabled by default. Therefore, database queries may be performed during view rendering. Explicitly configure spring.jpa.open-in-view to disable this warning
2021-11-15 20:51:06 - INFO  - o.s.b.w.e.tomcat.TomcatWebServer - Tomcat started on port(s): 8081 (http) with context path '/SpringMVC'
2021-11-15 20:51:06 - INFO  - t.e.s.TimesheetSpringBootCoreDataJpaMvcRest1Application - Started TimesheetSpringBootCoreDataJpaMvcRest1Application in 2.95 seconds (JVM running for 3.554)
2021-11-15 20:51:35 - INFO  - tn.esprit.spring.MessionTests - Starting MessionTests on DESKTOP-AJTRO6P with PID 4428 (started by WIKI in C:\Users\WIKI\Desktop\Devops)
2021-11-15 20:51:35 - INFO  - tn.esprit.spring.MessionTests - No active profile set, falling back to default profiles: default
2021-11-15 20:51:35 - INFO  - o.s.d.r.c.RepositoryConfigurationDelegate - Bootstrapping Spring Data repositories in DEFAULT mode.
2021-11-15 20:51:35 - INFO  - o.s.d.r.c.RepositoryConfigurationDelegate - Finished Spring Data repository scanning in 107ms. Found 6 repository interfaces.
2021-11-15 20:51:36 - INFO  - o.s.c.s.PostProcessorRegistrationDelegate$BeanPostProcessorChecker - Bean 'org.springframework.transaction.annotation.ProxyTransactionManagementConfiguration' of type [org.springframework.transaction.annotation.ProxyTransactionManagementConfiguration$$EnhancerBySpringCGLIB$$4d72d455] is not eligible for getting processed by all BeanPostProcessors (for example: not eligible for auto-proxying)
2021-11-15 20:51:36 - INFO  - com.zaxxer.hikari.HikariDataSource - HikariPool-1 - Starting...
2021-11-15 20:51:36 - INFO  - com.zaxxer.hikari.HikariDataSource - HikariPool-1 - Start completed.
2021-11-15 20:51:36 - INFO  - o.h.jpa.internal.util.LogHelper - HHH000204: Processing PersistenceUnitInfo [
	name: default
	...]
2021-11-15 20:51:36 - INFO  - org.hibernate.Version - HHH000412: Hibernate Core {5.3.9.Final}
2021-11-15 20:51:36 - INFO  - org.hibernate.cfg.Environment - HHH000206: hibernate.properties not found
2021-11-15 20:51:36 - INFO  - o.h.annotations.common.Version - HCANN000001: Hibernate Commons Annotations {5.0.4.Final}
2021-11-15 20:51:37 - INFO  - org.hibernate.dialect.Dialect - HHH000400: Using dialect: org.hibernate.dialect.MySQL5Dialect
2021-11-15 20:51:38 - INFO  - o.s.o.j.LocalContainerEntityManagerFactoryBean - Initialized JPA EntityManagerFactory for persistence unit 'default'
2021-11-15 20:51:38 - INFO  - o.h.h.i.QueryTranslatorFactoryInitiator - HHH000397: Using ASTQueryTranslatorFactory
2021-11-15 20:51:39 - INFO  - o.s.s.c.ThreadPoolTaskExecutor - Initializing ExecutorService 'applicationTaskExecutor'
2021-11-15 20:51:39 - WARN  - o.s.b.a.o.j.JpaBaseConfiguration$JpaWebConfiguration$JpaWebMvcConfiguration - spring.jpa.open-in-view is enabled by default. Therefore, database queries may be performed during view rendering. Explicitly configure spring.jpa.open-in-view to disable this warning
2021-11-15 20:51:39 - INFO  - tn.esprit.spring.MessionTests - Started MessionTests in 4.908 seconds (JVM running for 5.647)
2021-11-15 20:51:40 - INFO  - t.e.s.services.MissionServiceImp - In retrieveAllMission() : 
2021-11-15 20:51:40 - INFO  - t.e.s.services.MissionServiceImp - Out of retrieveAllMission() : 
2021-11-15 20:51:40 - INFO  - o.s.s.c.ThreadPoolTaskExecutor - Shutting down ExecutorService 'applicationTaskExecutor'
2021-11-15 20:51:40 - INFO  - o.s.o.j.LocalContainerEntityManagerFactoryBean - Closing JPA EntityManagerFactory for persistence unit 'default'
2021-11-15 20:51:40 - INFO  - com.zaxxer.hikari.HikariDataSource - HikariPool-1 - Shutdown initiated...
2021-11-15 20:51:40 - INFO  - com.zaxxer.hikari.HikariDataSource - HikariPool-1 - Shutdown completed.
2021-11-15 20:55:39 - INFO  - tn.esprit.spring.MessionTests - Starting MessionTests on DESKTOP-AJTRO6P with PID 10428 (started by WIKI in C:\Users\WIKI\Desktop\Devops)
2021-11-15 20:55:39 - INFO  - tn.esprit.spring.MessionTests - No active profile set, falling back to default profiles: default
2021-11-15 20:55:40 - INFO  - o.s.d.r.c.RepositoryConfigurationDelegate - Bootstrapping Spring Data repositories in DEFAULT mode.
2021-11-15 20:55:40 - INFO  - o.s.d.r.c.RepositoryConfigurationDelegate - Finished Spring Data repository scanning in 78ms. Found 6 repository interfaces.
2021-11-15 20:55:40 - INFO  - o.s.c.s.PostProcessorRegistrationDelegate$BeanPostProcessorChecker - Bean 'org.springframework.transaction.annotation.ProxyTransactionManagementConfiguration' of type [org.springframework.transaction.annotation.ProxyTransactionManagementConfiguration$$EnhancerBySpringCGLIB$$fed14f45] is not eligible for getting processed by all BeanPostProcessors (for example: not eligible for auto-proxying)
2021-11-15 20:55:41 - INFO  - com.zaxxer.hikari.HikariDataSource - HikariPool-1 - Starting...
2021-11-15 20:55:41 - INFO  - com.zaxxer.hikari.HikariDataSource - HikariPool-1 - Start completed.
2021-11-15 20:55:41 - INFO  - o.h.jpa.internal.util.LogHelper - HHH000204: Processing PersistenceUnitInfo [
	name: default
	...]
2021-11-15 20:55:41 - INFO  - org.hibernate.Version - HHH000412: Hibernate Core {5.3.9.Final}
2021-11-15 20:55:41 - INFO  - org.hibernate.cfg.Environment - HHH000206: hibernate.properties not found
2021-11-15 20:55:41 - INFO  - o.h.annotations.common.Version - HCANN000001: Hibernate Commons Annotations {5.0.4.Final}
2021-11-15 20:55:42 - INFO  - org.hibernate.dialect.Dialect - HHH000400: Using dialect: org.hibernate.dialect.MySQL5Dialect
2021-11-15 20:55:42 - INFO  - o.s.o.j.LocalContainerEntityManagerFactoryBean - Initialized JPA EntityManagerFactory for persistence unit 'default'
2021-11-15 20:55:43 - INFO  - o.h.h.i.QueryTranslatorFactoryInitiator - HHH000397: Using ASTQueryTranslatorFactory
2021-11-15 20:55:44 - INFO  - o.s.s.c.ThreadPoolTaskExecutor - Initializing ExecutorService 'applicationTaskExecutor'
2021-11-15 20:55:44 - WARN  - o.s.b.a.o.j.JpaBaseConfiguration$JpaWebConfiguration$JpaWebMvcConfiguration - spring.jpa.open-in-view is enabled by default. Therefore, database queries may be performed during view rendering. Explicitly configure spring.jpa.open-in-view to disable this warning
2021-11-15 20:55:44 - INFO  - tn.esprit.spring.MessionTests - Started MessionTests in 4.747 seconds (JVM running for 5.384)
2021-11-15 20:55:44 - INFO  - o.s.s.c.ThreadPoolTaskExecutor - Shutting down ExecutorService 'applicationTaskExecutor'
2021-11-15 20:55:44 - INFO  - o.s.o.j.LocalContainerEntityManagerFactoryBean - Closing JPA EntityManagerFactory for persistence unit 'default'
2021-11-15 20:55:44 - INFO  - com.zaxxer.hikari.HikariDataSource - HikariPool-1 - Shutdown initiated...
2021-11-15 20:55:44 - INFO  - com.zaxxer.hikari.HikariDataSource - HikariPool-1 - Shutdown completed.
2021-11-15 20:56:42 - INFO  - tn.esprit.spring.MessionTests - Starting MessionTests on DESKTOP-AJTRO6P with PID 12340 (started by WIKI in C:\Users\WIKI\Desktop\Devops)
2021-11-15 20:56:42 - INFO  - tn.esprit.spring.MessionTests - No active profile set, falling back to default profiles: default
2021-11-15 20:56:43 - INFO  - o.s.d.r.c.RepositoryConfigurationDelegate - Bootstrapping Spring Data repositories in DEFAULT mode.
2021-11-15 20:56:43 - INFO  - o.s.d.r.c.RepositoryConfigurationDelegate - Finished Spring Data repository scanning in 81ms. Found 6 repository interfaces.
2021-11-15 20:56:43 - INFO  - o.s.c.s.PostProcessorRegistrationDelegate$BeanPostProcessorChecker - Bean 'org.springframework.transaction.annotation.ProxyTransactionManagementConfiguration' of type [org.springframework.transaction.annotation.ProxyTransactionManagementConfiguration$$EnhancerBySpringCGLIB$$c9a78659] is not eligible for getting processed by all BeanPostProcessors (for example: not eligible for auto-proxying)
2021-11-15 20:56:43 - INFO  - com.zaxxer.hikari.HikariDataSource - HikariPool-1 - Starting...
2021-11-15 20:56:44 - INFO  - com.zaxxer.hikari.HikariDataSource - HikariPool-1 - Start completed.
2021-11-15 20:56:44 - INFO  - o.h.jpa.internal.util.LogHelper - HHH000204: Processing PersistenceUnitInfo [
	name: default
	...]
2021-11-15 20:56:44 - INFO  - org.hibernate.Version - HHH000412: Hibernate Core {5.3.9.Final}
2021-11-15 20:56:44 - INFO  - org.hibernate.cfg.Environment - HHH000206: hibernate.properties not found
2021-11-15 20:56:44 - INFO  - o.h.annotations.common.Version - HCANN000001: Hibernate Commons Annotations {5.0.4.Final}
2021-11-15 20:56:44 - INFO  - org.hibernate.dialect.Dialect - HHH000400: Using dialect: org.hibernate.dialect.MySQL5Dialect
2021-11-15 20:56:45 - INFO  - o.s.o.j.LocalContainerEntityManagerFactoryBean - Initialized JPA EntityManagerFactory for persistence unit 'default'
2021-11-15 20:56:45 - INFO  - o.h.h.i.QueryTranslatorFactoryInitiator - HHH000397: Using ASTQueryTranslatorFactory
2021-11-15 20:56:46 - INFO  - o.s.s.c.ThreadPoolTaskExecutor - Initializing ExecutorService 'applicationTaskExecutor'
2021-11-15 20:56:46 - WARN  - o.s.b.a.o.j.JpaBaseConfiguration$JpaWebConfiguration$JpaWebMvcConfiguration - spring.jpa.open-in-view is enabled by default. Therefore, database queries may be performed during view rendering. Explicitly configure spring.jpa.open-in-view to disable this warning
2021-11-15 20:56:47 - INFO  - tn.esprit.spring.MessionTests - Started MessionTests in 4.779 seconds (JVM running for 5.448)
2021-11-15 20:56:47 - INFO  - t.e.s.services.MissionServiceImp - in  retrieveMission id = 1
2021-11-15 20:56:47 - INFO  - t.e.s.services.MissionServiceImp - mission returned : null
2021-11-15 20:56:47 - INFO  - o.s.s.c.ThreadPoolTaskExecutor - Shutting down ExecutorService 'applicationTaskExecutor'
2021-11-15 20:56:47 - INFO  - o.s.o.j.LocalContainerEntityManagerFactoryBean - Closing JPA EntityManagerFactory for persistence unit 'default'
2021-11-15 20:56:47 - INFO  - com.zaxxer.hikari.HikariDataSource - HikariPool-1 - Shutdown initiated...
2021-11-15 20:56:47 - INFO  - com.zaxxer.hikari.HikariDataSource - HikariPool-1 - Shutdown completed.
2021-11-15 20:57:30 - INFO  - tn.esprit.spring.MessionTests - Starting MessionTests on DESKTOP-AJTRO6P with PID 12196 (started by WIKI in C:\Users\WIKI\Desktop\Devops)
2021-11-15 20:57:30 - INFO  - tn.esprit.spring.MessionTests - No active profile set, falling back to default profiles: default
2021-11-15 20:57:30 - INFO  - o.s.d.r.c.RepositoryConfigurationDelegate - Bootstrapping Spring Data repositories in DEFAULT mode.
2021-11-15 20:57:30 - INFO  - o.s.d.r.c.RepositoryConfigurationDelegate - Finished Spring Data repository scanning in 78ms. Found 6 repository interfaces.
2021-11-15 20:57:31 - INFO  - o.s.c.s.PostProcessorRegistrationDelegate$BeanPostProcessorChecker - Bean 'org.springframework.transaction.annotation.ProxyTransactionManagementConfiguration' of type [org.springframework.transaction.annotation.ProxyTransactionManagementConfiguration$$EnhancerBySpringCGLIB$$39fcb39d] is not eligible for getting processed by all BeanPostProcessors (for example: not eligible for auto-proxying)
2021-11-15 20:57:31 - INFO  - com.zaxxer.hikari.HikariDataSource - HikariPool-1 - Starting...
2021-11-15 20:57:31 - INFO  - com.zaxxer.hikari.HikariDataSource - HikariPool-1 - Start completed.
2021-11-15 20:57:31 - INFO  - o.h.jpa.internal.util.LogHelper - HHH000204: Processing PersistenceUnitInfo [
	name: default
	...]
2021-11-15 20:57:31 - INFO  - org.hibernate.Version - HHH000412: Hibernate Core {5.3.9.Final}
2021-11-15 20:57:31 - INFO  - org.hibernate.cfg.Environment - HHH000206: hibernate.properties not found
2021-11-15 20:57:31 - INFO  - o.h.annotations.common.Version - HCANN000001: Hibernate Commons Annotations {5.0.4.Final}
2021-11-15 20:57:32 - INFO  - org.hibernate.dialect.Dialect - HHH000400: Using dialect: org.hibernate.dialect.MySQL5Dialect
2021-11-15 20:57:33 - INFO  - o.s.o.j.LocalContainerEntityManagerFactoryBean - Initialized JPA EntityManagerFactory for persistence unit 'default'
2021-11-15 20:57:33 - INFO  - o.h.h.i.QueryTranslatorFactoryInitiator - HHH000397: Using ASTQueryTranslatorFactory
2021-11-15 20:57:34 - INFO  - o.s.s.c.ThreadPoolTaskExecutor - Initializing ExecutorService 'applicationTaskExecutor'
2021-11-15 20:57:34 - WARN  - o.s.b.a.o.j.JpaBaseConfiguration$JpaWebConfiguration$JpaWebMvcConfiguration - spring.jpa.open-in-view is enabled by default. Therefore, database queries may be performed during view rendering. Explicitly configure spring.jpa.open-in-view to disable this warning
2021-11-15 20:57:35 - INFO  - tn.esprit.spring.MessionTests - Started MessionTests in 5.093 seconds (JVM running for 5.75)
2021-11-15 20:57:35 - INFO  - t.e.s.services.MissionServiceImp - In retrieveAllMission() : 
2021-11-15 20:57:35 - INFO  - t.e.s.services.MissionServiceImp - Out of retrieveAllMission() : 
2021-11-15 20:57:35 - INFO  - o.s.s.c.ThreadPoolTaskExecutor - Shutting down ExecutorService 'applicationTaskExecutor'
2021-11-15 20:57:35 - INFO  - o.s.o.j.LocalContainerEntityManagerFactoryBean - Closing JPA EntityManagerFactory for persistence unit 'default'
2021-11-15 20:57:35 - INFO  - com.zaxxer.hikari.HikariDataSource - HikariPool-1 - Shutdown initiated...
2021-11-15 20:57:35 - INFO  - com.zaxxer.hikari.HikariDataSource - HikariPool-1 - Shutdown completed.
2021-11-15 20:58:17 - INFO  - tn.esprit.spring.MessionTests - Starting MessionTests on DESKTOP-AJTRO6P with PID 12108 (started by WIKI in C:\Users\WIKI\Desktop\Devops)
2021-11-15 20:58:17 - INFO  - tn.esprit.spring.MessionTests - No active profile set, falling back to default profiles: default
2021-11-15 20:58:17 - INFO  - o.s.d.r.c.RepositoryConfigurationDelegate - Bootstrapping Spring Data repositories in DEFAULT mode.
2021-11-15 20:58:17 - INFO  - o.s.d.r.c.RepositoryConfigurationDelegate - Finished Spring Data repository scanning in 94ms. Found 6 repository interfaces.
2021-11-15 20:58:18 - INFO  - o.s.c.s.PostProcessorRegistrationDelegate$BeanPostProcessorChecker - Bean 'org.springframework.transaction.annotation.ProxyTransactionManagementConfiguration' of type [org.springframework.transaction.annotation.ProxyTransactionManagementConfiguration$$EnhancerBySpringCGLIB$$d79f1f33] is not eligible for getting processed by all BeanPostProcessors (for example: not eligible for auto-proxying)
2021-11-15 20:58:18 - INFO  - com.zaxxer.hikari.HikariDataSource - HikariPool-1 - Starting...
2021-11-15 20:58:18 - INFO  - com.zaxxer.hikari.HikariDataSource - HikariPool-1 - Start completed.
2021-11-15 20:58:18 - INFO  - o.h.jpa.internal.util.LogHelper - HHH000204: Processing PersistenceUnitInfo [
	name: default
	...]
2021-11-15 20:58:18 - INFO  - org.hibernate.Version - HHH000412: Hibernate Core {5.3.9.Final}
2021-11-15 20:58:18 - INFO  - org.hibernate.cfg.Environment - HHH000206: hibernate.properties not found
2021-11-15 20:58:18 - INFO  - o.h.annotations.common.Version - HCANN000001: Hibernate Commons Annotations {5.0.4.Final}
2021-11-15 20:58:19 - INFO  - org.hibernate.dialect.Dialect - HHH000400: Using dialect: org.hibernate.dialect.MySQL5Dialect
2021-11-15 20:58:20 - INFO  - o.s.o.j.LocalContainerEntityManagerFactoryBean - Initialized JPA EntityManagerFactory for persistence unit 'default'
2021-11-15 20:58:20 - INFO  - o.h.h.i.QueryTranslatorFactoryInitiator - HHH000397: Using ASTQueryTranslatorFactory
2021-11-15 20:58:21 - INFO  - o.s.s.c.ThreadPoolTaskExecutor - Initializing ExecutorService 'applicationTaskExecutor'
2021-11-15 20:58:21 - WARN  - o.s.b.a.o.j.JpaBaseConfiguration$JpaWebConfiguration$JpaWebMvcConfiguration - spring.jpa.open-in-view is enabled by default. Therefore, database queries may be performed during view rendering. Explicitly configure spring.jpa.open-in-view to disable this warning
2021-11-15 20:58:22 - INFO  - tn.esprit.spring.MessionTests - Started MessionTests in 5.262 seconds (JVM running for 5.935)
2021-11-15 20:58:22 - INFO  - t.e.s.services.MissionServiceImp - in  retrieveMission id = 2
2021-11-15 20:58:22 - INFO  - t.e.s.services.MissionServiceImp - mission returned : null
2021-11-15 20:58:22 - INFO  - t.e.s.services.MissionServiceImp - In retrieveAllMission() : 
2021-11-15 20:58:22 - INFO  - t.e.s.services.MissionServiceImp - Out of retrieveAllMission() : 
2021-11-15 20:58:22 - INFO  - o.s.s.c.ThreadPoolTaskExecutor - Shutting down ExecutorService 'applicationTaskExecutor'
2021-11-15 20:58:22 - INFO  - o.s.o.j.LocalContainerEntityManagerFactoryBean - Closing JPA EntityManagerFactory for persistence unit 'default'
2021-11-15 20:58:22 - INFO  - com.zaxxer.hikari.HikariDataSource - HikariPool-1 - Shutdown initiated...
2021-11-15 20:58:22 - INFO  - com.zaxxer.hikari.HikariDataSource - HikariPool-1 - Shutdown completed.
2021-11-15 20:58:31 - INFO  - tn.esprit.spring.MessionTests - Starting MessionTests on DESKTOP-AJTRO6P with PID 6804 (started by WIKI in C:\Users\WIKI\Desktop\Devops)
2021-11-15 20:58:31 - INFO  - tn.esprit.spring.MessionTests - No active profile set, falling back to default profiles: default
2021-11-15 20:58:31 - INFO  - o.s.d.r.c.RepositoryConfigurationDelegate - Bootstrapping Spring Data repositories in DEFAULT mode.
2021-11-15 20:58:31 - INFO  - o.s.d.r.c.RepositoryConfigurationDelegate - Finished Spring Data repository scanning in 86ms. Found 6 repository interfaces.
2021-11-15 20:58:32 - INFO  - o.s.c.s.PostProcessorRegistrationDelegate$BeanPostProcessorChecker - Bean 'org.springframework.transaction.annotation.ProxyTransactionManagementConfiguration' of type [org.springframework.transaction.annotation.ProxyTransactionManagementConfiguration$$EnhancerBySpringCGLIB$$eaaa77df] is not eligible for getting processed by all BeanPostProcessors (for example: not eligible for auto-proxying)
2021-11-15 20:58:32 - INFO  - com.zaxxer.hikari.HikariDataSource - HikariPool-1 - Starting...
2021-11-15 20:58:32 - INFO  - com.zaxxer.hikari.HikariDataSource - HikariPool-1 - Start completed.
2021-11-15 20:58:32 - INFO  - o.h.jpa.internal.util.LogHelper - HHH000204: Processing PersistenceUnitInfo [
	name: default
	...]
2021-11-15 20:58:32 - INFO  - org.hibernate.Version - HHH000412: Hibernate Core {5.3.9.Final}
2021-11-15 20:58:32 - INFO  - org.hibernate.cfg.Environment - HHH000206: hibernate.properties not found
2021-11-15 20:58:32 - INFO  - o.h.annotations.common.Version - HCANN000001: Hibernate Commons Annotations {5.0.4.Final}
2021-11-15 20:58:33 - INFO  - org.hibernate.dialect.Dialect - HHH000400: Using dialect: org.hibernate.dialect.MySQL5Dialect
2021-11-15 20:58:34 - INFO  - o.s.o.j.LocalContainerEntityManagerFactoryBean - Initialized JPA EntityManagerFactory for persistence unit 'default'
2021-11-15 20:58:34 - INFO  - o.h.h.i.QueryTranslatorFactoryInitiator - HHH000397: Using ASTQueryTranslatorFactory
2021-11-15 20:58:35 - INFO  - o.s.s.c.ThreadPoolTaskExecutor - Initializing ExecutorService 'applicationTaskExecutor'
2021-11-15 20:58:35 - WARN  - o.s.b.a.o.j.JpaBaseConfiguration$JpaWebConfiguration$JpaWebMvcConfiguration - spring.jpa.open-in-view is enabled by default. Therefore, database queries may be performed during view rendering. Explicitly configure spring.jpa.open-in-view to disable this warning
2021-11-15 20:58:35 - INFO  - tn.esprit.spring.MessionTests - Started MessionTests in 4.975 seconds (JVM running for 5.634)
2021-11-15 20:58:36 - INFO  - t.e.s.services.MissionServiceImp - In retrieveAllMission() : 
2021-11-15 20:58:36 - INFO  - t.e.s.services.MissionServiceImp - Out of retrieveAllMission() : 
2021-11-15 20:58:36 - INFO  - o.s.s.c.ThreadPoolTaskExecutor - Shutting down ExecutorService 'applicationTaskExecutor'
2021-11-15 20:58:36 - INFO  - o.s.o.j.LocalContainerEntityManagerFactoryBean - Closing JPA EntityManagerFactory for persistence unit 'default'
2021-11-15 20:58:36 - INFO  - com.zaxxer.hikari.HikariDataSource - HikariPool-1 - Shutdown initiated...
2021-11-15 20:58:36 - INFO  - com.zaxxer.hikari.HikariDataSource - HikariPool-1 - Shutdown completed.
2021-11-15 20:59:28 - INFO  - tn.esprit.spring.MessionTests - Starting MessionTests on DESKTOP-AJTRO6P with PID 14508 (started by WIKI in C:\Users\WIKI\Desktop\Devops)
2021-11-15 20:59:28 - INFO  - tn.esprit.spring.MessionTests - No active profile set, falling back to default profiles: default
2021-11-15 20:59:29 - INFO  - o.s.d.r.c.RepositoryConfigurationDelegate - Bootstrapping Spring Data repositories in DEFAULT mode.
2021-11-15 20:59:29 - INFO  - o.s.d.r.c.RepositoryConfigurationDelegate - Finished Spring Data repository scanning in 86ms. Found 6 repository interfaces.
2021-11-15 20:59:29 - INFO  - o.s.c.s.PostProcessorRegistrationDelegate$BeanPostProcessorChecker - Bean 'org.springframework.transaction.annotation.ProxyTransactionManagementConfiguration' of type [org.springframework.transaction.annotation.ProxyTransactionManagementConfiguration$$EnhancerBySpringCGLIB$$39fcb39d] is not eligible for getting processed by all BeanPostProcessors (for example: not eligible for auto-proxying)
2021-11-15 20:59:29 - INFO  - com.zaxxer.hikari.HikariDataSource - HikariPool-1 - Starting...
2021-11-15 20:59:29 - INFO  - com.zaxxer.hikari.HikariDataSource - HikariPool-1 - Start completed.
2021-11-15 20:59:30 - INFO  - o.h.jpa.internal.util.LogHelper - HHH000204: Processing PersistenceUnitInfo [
	name: default
	...]
2021-11-15 20:59:30 - INFO  - org.hibernate.Version - HHH000412: Hibernate Core {5.3.9.Final}
2021-11-15 20:59:30 - INFO  - org.hibernate.cfg.Environment - HHH000206: hibernate.properties not found
2021-11-15 20:59:30 - INFO  - o.h.annotations.common.Version - HCANN000001: Hibernate Commons Annotations {5.0.4.Final}
2021-11-15 20:59:30 - INFO  - org.hibernate.dialect.Dialect - HHH000400: Using dialect: org.hibernate.dialect.MySQL5Dialect
2021-11-15 20:59:31 - INFO  - o.s.o.j.LocalContainerEntityManagerFactoryBean - Initialized JPA EntityManagerFactory for persistence unit 'default'
2021-11-15 20:59:31 - INFO  - o.h.h.i.QueryTranslatorFactoryInitiator - HHH000397: Using ASTQueryTranslatorFactory
2021-11-15 20:59:32 - INFO  - o.s.s.c.ThreadPoolTaskExecutor - Initializing ExecutorService 'applicationTaskExecutor'
2021-11-15 20:59:32 - WARN  - o.s.b.a.o.j.JpaBaseConfiguration$JpaWebConfiguration$JpaWebMvcConfiguration - spring.jpa.open-in-view is enabled by default. Therefore, database queries may be performed during view rendering. Explicitly configure spring.jpa.open-in-view to disable this warning
2021-11-15 20:59:33 - INFO  - tn.esprit.spring.MessionTests - Started MessionTests in 4.905 seconds (JVM running for 5.562)
2021-11-15 20:59:33 - INFO  - t.e.s.services.MissionServiceImp - in  retrieveMission id = 3
2021-11-15 20:59:33 - INFO  - t.e.s.services.MissionServiceImp - mission returned : null
2021-11-15 20:59:33 - INFO  - t.e.s.services.MissionServiceImp - In retrieveAllMission() : 
2021-11-15 20:59:33 - INFO  - t.e.s.services.MissionServiceImp - Out of retrieveAllMission() : 
2021-11-15 20:59:33 - INFO  - o.s.s.c.ThreadPoolTaskExecutor - Shutting down ExecutorService 'applicationTaskExecutor'
2021-11-15 20:59:33 - INFO  - o.s.o.j.LocalContainerEntityManagerFactoryBean - Closing JPA EntityManagerFactory for persistence unit 'default'
2021-11-15 20:59:33 - INFO  - com.zaxxer.hikari.HikariDataSource - HikariPool-1 - Shutdown initiated...
2021-11-15 20:59:33 - INFO  - com.zaxxer.hikari.HikariDataSource - HikariPool-1 - Shutdown completed.
2021-11-15 21:02:10 - INFO  - tn.esprit.spring.MessionTests - Starting MessionTests on DESKTOP-AJTRO6P with PID 13724 (started by WIKI in C:\Users\WIKI\Desktop\Devops)
2021-11-15 21:02:10 - INFO  - tn.esprit.spring.MessionTests - No active profile set, falling back to default profiles: default
2021-11-15 21:02:11 - INFO  - o.s.d.r.c.RepositoryConfigurationDelegate - Bootstrapping Spring Data repositories in DEFAULT mode.
2021-11-15 21:02:11 - INFO  - o.s.d.r.c.RepositoryConfigurationDelegate - Finished Spring Data repository scanning in 105ms. Found 6 repository interfaces.
2021-11-15 21:02:11 - INFO  - o.s.c.s.PostProcessorRegistrationDelegate$BeanPostProcessorChecker - Bean 'org.springframework.transaction.annotation.ProxyTransactionManagementConfiguration' of type [org.springframework.transaction.annotation.ProxyTransactionManagementConfiguration$$EnhancerBySpringCGLIB$$eaaa77df] is not eligible for getting processed by all BeanPostProcessors (for example: not eligible for auto-proxying)
2021-11-15 21:02:12 - INFO  - com.zaxxer.hikari.HikariDataSource - HikariPool-1 - Starting...
2021-11-15 21:02:12 - INFO  - com.zaxxer.hikari.HikariDataSource - HikariPool-1 - Start completed.
2021-11-15 21:02:12 - INFO  - o.h.jpa.internal.util.LogHelper - HHH000204: Processing PersistenceUnitInfo [
	name: default
	...]
2021-11-15 21:02:12 - INFO  - org.hibernate.Version - HHH000412: Hibernate Core {5.3.9.Final}
2021-11-15 21:02:12 - INFO  - org.hibernate.cfg.Environment - HHH000206: hibernate.properties not found
2021-11-15 21:02:12 - INFO  - o.h.annotations.common.Version - HCANN000001: Hibernate Commons Annotations {5.0.4.Final}
2021-11-15 21:02:14 - INFO  - org.hibernate.dialect.Dialect - HHH000400: Using dialect: org.hibernate.dialect.MySQL5Dialect
2021-11-15 21:02:16 - INFO  - o.s.o.j.LocalContainerEntityManagerFactoryBean - Initialized JPA EntityManagerFactory for persistence unit 'default'
2021-11-15 21:02:17 - INFO  - o.h.h.i.QueryTranslatorFactoryInitiator - HHH000397: Using ASTQueryTranslatorFactory
2021-11-15 21:02:18 - INFO  - o.s.s.c.ThreadPoolTaskExecutor - Initializing ExecutorService 'applicationTaskExecutor'
2021-11-15 21:02:18 - WARN  - o.s.b.a.o.j.JpaBaseConfiguration$JpaWebConfiguration$JpaWebMvcConfiguration - spring.jpa.open-in-view is enabled by default. Therefore, database queries may be performed during view rendering. Explicitly configure spring.jpa.open-in-view to disable this warning
2021-11-15 21:02:19 - INFO  - tn.esprit.spring.MessionTests - Started MessionTests in 9.056 seconds (JVM running for 10.713)
2021-11-15 21:02:19 - INFO  - t.e.s.services.MissionServiceImp - In retrieveAllMission() : 
2021-11-15 21:02:19 - INFO  - t.e.s.services.MissionServiceImp - Out of retrieveAllMission() : 
2021-11-15 21:02:19 - INFO  - o.s.s.c.ThreadPoolTaskExecutor - Shutting down ExecutorService 'applicationTaskExecutor'
2021-11-15 21:02:19 - INFO  - o.s.o.j.LocalContainerEntityManagerFactoryBean - Closing JPA EntityManagerFactory for persistence unit 'default'
2021-11-15 21:02:19 - INFO  - com.zaxxer.hikari.HikariDataSource - HikariPool-1 - Shutdown initiated...
2021-11-15 21:02:19 - INFO  - com.zaxxer.hikari.HikariDataSource - HikariPool-1 - Shutdown completed.
2021-11-15 21:08:40 - INFO  - tn.esprit.spring.MessionTests - Starting MessionTests on DESKTOP-AJTRO6P with PID 7820 (started by WIKI in C:\Users\WIKI\Desktop\Devops)
2021-11-15 21:08:40 - INFO  - tn.esprit.spring.MessionTests - No active profile set, falling back to default profiles: default
2021-11-15 21:08:41 - INFO  - o.s.d.r.c.RepositoryConfigurationDelegate - Bootstrapping Spring Data repositories in DEFAULT mode.
2021-11-15 21:08:41 - INFO  - o.s.d.r.c.RepositoryConfigurationDelegate - Finished Spring Data repository scanning in 105ms. Found 6 repository interfaces.
2021-11-15 21:08:41 - INFO  - o.s.c.s.PostProcessorRegistrationDelegate$BeanPostProcessorChecker - Bean 'org.springframework.transaction.annotation.ProxyTransactionManagementConfiguration' of type [org.springframework.transaction.annotation.ProxyTransactionManagementConfiguration$$EnhancerBySpringCGLIB$$39fcb39d] is not eligible for getting processed by all BeanPostProcessors (for example: not eligible for auto-proxying)
2021-11-15 21:08:42 - INFO  - com.zaxxer.hikari.HikariDataSource - HikariPool-1 - Starting...
2021-11-15 21:08:42 - INFO  - com.zaxxer.hikari.HikariDataSource - HikariPool-1 - Start completed.
2021-11-15 21:08:42 - INFO  - o.h.jpa.internal.util.LogHelper - HHH000204: Processing PersistenceUnitInfo [
	name: default
	...]
2021-11-15 21:08:42 - INFO  - org.hibernate.Version - HHH000412: Hibernate Core {5.3.9.Final}
2021-11-15 21:08:42 - INFO  - org.hibernate.cfg.Environment - HHH000206: hibernate.properties not found
2021-11-15 21:08:43 - INFO  - o.h.annotations.common.Version - HCANN000001: Hibernate Commons Annotations {5.0.4.Final}
2021-11-15 21:08:44 - INFO  - org.hibernate.dialect.Dialect - HHH000400: Using dialect: org.hibernate.dialect.MySQL5Dialect
2021-11-15 21:08:46 - INFO  - o.s.o.j.LocalContainerEntityManagerFactoryBean - Initialized JPA EntityManagerFactory for persistence unit 'default'
2021-11-15 21:08:46 - INFO  - o.h.h.i.QueryTranslatorFactoryInitiator - HHH000397: Using ASTQueryTranslatorFactory
2021-11-15 21:08:47 - INFO  - o.s.s.c.ThreadPoolTaskExecutor - Initializing ExecutorService 'applicationTaskExecutor'
2021-11-15 21:08:47 - WARN  - o.s.b.a.o.j.JpaBaseConfiguration$JpaWebConfiguration$JpaWebMvcConfiguration - spring.jpa.open-in-view is enabled by default. Therefore, database queries may be performed during view rendering. Explicitly configure spring.jpa.open-in-view to disable this warning
2021-11-15 21:08:48 - INFO  - tn.esprit.spring.MessionTests - Started MessionTests in 8.537 seconds (JVM running for 10.02)
2021-11-15 21:08:48 - INFO  - t.e.s.services.MissionServiceImp - in  retrieveMission id = 5
2021-11-15 21:08:48 - INFO  - t.e.s.services.MissionServiceImp - mission returned : tn.esprit.spring.entities.Mission@3722f39d
2021-11-15 21:08:48 - INFO  - t.e.s.services.MissionServiceImp - In retrieveAllMission() : 
2021-11-15 21:08:48 - INFO  - t.e.s.services.MissionServiceImp - Out of retrieveAllMission() : 
2021-11-15 21:08:48 - INFO  - o.s.s.c.ThreadPoolTaskExecutor - Shutting down ExecutorService 'applicationTaskExecutor'
2021-11-15 21:08:49 - INFO  - o.s.o.j.LocalContainerEntityManagerFactoryBean - Closing JPA EntityManagerFactory for persistence unit 'default'
2021-11-15 21:08:49 - INFO  - com.zaxxer.hikari.HikariDataSource - HikariPool-1 - Shutdown initiated...
2021-11-15 21:08:49 - INFO  - com.zaxxer.hikari.HikariDataSource - HikariPool-1 - Shutdown completed.
2021-11-15 21:10:12 - INFO  - tn.esprit.spring.MessionTests - Starting MessionTests on DESKTOP-AJTRO6P with PID 15172 (started by WIKI in C:\Users\WIKI\Desktop\Devops)
2021-11-15 21:10:12 - INFO  - tn.esprit.spring.MessionTests - No active profile set, falling back to default profiles: default
2021-11-15 21:10:13 - INFO  - o.s.d.r.c.RepositoryConfigurationDelegate - Bootstrapping Spring Data repositories in DEFAULT mode.
2021-11-15 21:10:13 - INFO  - o.s.d.r.c.RepositoryConfigurationDelegate - Finished Spring Data repository scanning in 91ms. Found 6 repository interfaces.
2021-11-15 21:10:13 - INFO  - o.s.c.s.PostProcessorRegistrationDelegate$BeanPostProcessorChecker - Bean 'org.springframework.transaction.annotation.ProxyTransactionManagementConfiguration' of type [org.springframework.transaction.annotation.ProxyTransactionManagementConfiguration$$EnhancerBySpringCGLIB$$4d72d455] is not eligible for getting processed by all BeanPostProcessors (for example: not eligible for auto-proxying)
2021-11-15 21:10:13 - INFO  - com.zaxxer.hikari.HikariDataSource - HikariPool-1 - Starting...
2021-11-15 21:10:14 - INFO  - com.zaxxer.hikari.HikariDataSource - HikariPool-1 - Start completed.
2021-11-15 21:10:14 - INFO  - o.h.jpa.internal.util.LogHelper - HHH000204: Processing PersistenceUnitInfo [
	name: default
	...]
2021-11-15 21:10:14 - INFO  - org.hibernate.Version - HHH000412: Hibernate Core {5.3.9.Final}
2021-11-15 21:10:14 - INFO  - org.hibernate.cfg.Environment - HHH000206: hibernate.properties not found
2021-11-15 21:10:14 - INFO  - o.h.annotations.common.Version - HCANN000001: Hibernate Commons Annotations {5.0.4.Final}
2021-11-15 21:10:16 - INFO  - org.hibernate.dialect.Dialect - HHH000400: Using dialect: org.hibernate.dialect.MySQL5Dialect
2021-11-15 21:10:17 - INFO  - o.s.o.j.LocalContainerEntityManagerFactoryBean - Initialized JPA EntityManagerFactory for persistence unit 'default'
2021-11-15 21:10:17 - INFO  - o.h.h.i.QueryTranslatorFactoryInitiator - HHH000397: Using ASTQueryTranslatorFactory
2021-11-15 21:10:19 - INFO  - o.s.s.c.ThreadPoolTaskExecutor - Initializing ExecutorService 'applicationTaskExecutor'
2021-11-15 21:10:19 - WARN  - o.s.b.a.o.j.JpaBaseConfiguration$JpaWebConfiguration$JpaWebMvcConfiguration - spring.jpa.open-in-view is enabled by default. Therefore, database queries may be performed during view rendering. Explicitly configure spring.jpa.open-in-view to disable this warning
2021-11-15 21:10:19 - INFO  - tn.esprit.spring.MessionTests - Started MessionTests in 7.729 seconds (JVM running for 9.245)
2021-11-15 21:10:20 - INFO  - t.e.s.services.MissionServiceImp - in  retrieveMission id = 5
2021-11-15 21:10:20 - INFO  - t.e.s.services.MissionServiceImp - mission returned : tn.esprit.spring.entities.Mission@7c31e410
2021-11-15 21:10:20 - INFO  - o.s.s.c.ThreadPoolTaskExecutor - Shutting down ExecutorService 'applicationTaskExecutor'
2021-11-15 21:10:20 - INFO  - o.s.o.j.LocalContainerEntityManagerFactoryBean - Closing JPA EntityManagerFactory for persistence unit 'default'
2021-11-15 21:10:20 - INFO  - com.zaxxer.hikari.HikariDataSource - HikariPool-1 - Shutdown initiated...
2021-11-15 21:10:20 - INFO  - com.zaxxer.hikari.HikariDataSource - HikariPool-1 - Shutdown completed.
2021-11-15 21:11:20 - INFO  - tn.esprit.spring.MessionTests - Starting MessionTests on DESKTOP-AJTRO6P with PID 7932 (started by WIKI in C:\Users\WIKI\Desktop\Devops)
2021-11-15 21:11:20 - INFO  - tn.esprit.spring.MessionTests - No active profile set, falling back to default profiles: default
2021-11-15 21:11:21 - INFO  - o.s.d.r.c.RepositoryConfigurationDelegate - Bootstrapping Spring Data repositories in DEFAULT mode.
2021-11-15 21:11:21 - INFO  - o.s.d.r.c.RepositoryConfigurationDelegate - Finished Spring Data repository scanning in 90ms. Found 6 repository interfaces.
2021-11-15 21:11:21 - INFO  - o.s.c.s.PostProcessorRegistrationDelegate$BeanPostProcessorChecker - Bean 'org.springframework.transaction.annotation.ProxyTransactionManagementConfiguration' of type [org.springframework.transaction.annotation.ProxyTransactionManagementConfiguration$$EnhancerBySpringCGLIB$$d79f1f33] is not eligible for getting processed by all BeanPostProcessors (for example: not eligible for auto-proxying)
2021-11-15 21:11:22 - INFO  - com.zaxxer.hikari.HikariDataSource - HikariPool-1 - Starting...
2021-11-15 21:11:22 - INFO  - com.zaxxer.hikari.HikariDataSource - HikariPool-1 - Start completed.
2021-11-15 21:11:22 - INFO  - o.h.jpa.internal.util.LogHelper - HHH000204: Processing PersistenceUnitInfo [
	name: default
	...]
2021-11-15 21:11:22 - INFO  - org.hibernate.Version - HHH000412: Hibernate Core {5.3.9.Final}
2021-11-15 21:11:22 - INFO  - org.hibernate.cfg.Environment - HHH000206: hibernate.properties not found
2021-11-15 21:11:23 - INFO  - o.h.annotations.common.Version - HCANN000001: Hibernate Commons Annotations {5.0.4.Final}
2021-11-15 21:11:23 - INFO  - org.hibernate.dialect.Dialect - HHH000400: Using dialect: org.hibernate.dialect.MySQL5Dialect
2021-11-15 21:11:26 - INFO  - o.s.o.j.LocalContainerEntityManagerFactoryBean - Initialized JPA EntityManagerFactory for persistence unit 'default'
2021-11-15 21:11:26 - INFO  - o.h.h.i.QueryTranslatorFactoryInitiator - HHH000397: Using ASTQueryTranslatorFactory
2021-11-15 21:11:27 - INFO  - o.s.s.c.ThreadPoolTaskExecutor - Initializing ExecutorService 'applicationTaskExecutor'
2021-11-15 21:11:27 - WARN  - o.s.b.a.o.j.JpaBaseConfiguration$JpaWebConfiguration$JpaWebMvcConfiguration - spring.jpa.open-in-view is enabled by default. Therefore, database queries may be performed during view rendering. Explicitly configure spring.jpa.open-in-view to disable this warning
2021-11-15 21:11:28 - INFO  - tn.esprit.spring.MessionTests - Started MessionTests in 8.44 seconds (JVM running for 9.702)
2021-11-15 21:11:28 - INFO  - o.s.s.c.ThreadPoolTaskExecutor - Shutting down ExecutorService 'applicationTaskExecutor'
2021-11-15 21:11:28 - INFO  - o.s.o.j.LocalContainerEntityManagerFactoryBean - Closing JPA EntityManagerFactory for persistence unit 'default'
2021-11-15 21:11:28 - INFO  - com.zaxxer.hikari.HikariDataSource - HikariPool-1 - Shutdown initiated...
2021-11-15 21:11:28 - INFO  - com.zaxxer.hikari.HikariDataSource - HikariPool-1 - Shutdown completed.
